<?xml version="1.0" encoding="UTF-8"?>
<!-- Generated by org.testng.reporters.JUnitReportReporter -->
<testsuite hostname="DESKTOP-HLFCI12" failures="0" tests="3" name="testcases1.MercuryTours_PFTest" time="13.595" errors="0" timestamp="2023-10-26T11:17:25 IST" skipped="0">
  <testcase classname="testcases1.MercuryTours_PFTest" name="login" time="2.284"/>
  <system-out/>
  <testcase classname="testcases1.MercuryTours_PFTest" name="register" time="6.121"/>
  <system-out/>
  <testcase classname="testcases1.MercuryTours_PFTest" name="flight" time="5.190"/>
  <system-out/>
</testsuite> <!-- testcases1.MercuryTours_PFTest -->
