<?xml version="1.0" encoding="UTF-8"?>
<!-- Generated by org.testng.reporters.JUnitReportReporter -->
<testsuite hostname="DESKTOP-HLFCI12" failures="0" tests="2" name="testcases1.TC_02_MercuryToursPOM_Test" time="4.818" errors="0" timestamp="2023-10-20T16:50:49 IST" skipped="0">
  <testcase classname="testcases1.TC_02_MercuryToursPOM_Test" name="login" time="2.680"/>
  <system-out/>
  <testcase classname="testcases1.TC_02_MercuryToursPOM_Test" name="register" time="2.138"/>
  <system-out/>
</testsuite> <!-- testcases1.TC_02_MercuryToursPOM_Test -->
