<?xml version="1.0" encoding="UTF-8"?>
<!-- Generated by org.testng.reporters.JUnitReportReporter -->
<testsuite hostname="DESKTOP-HLFCI12" failures="0" tests="4" name="testcases1.TC_01_LoginTest" time="9.679" errors="0" timestamp="2023-10-20T15:50:59 IST" skipped="2">
  <testcase classname="testcases1.TC_01_LoginTest" name="login3" time="3.178"/>
  <system-out/>
  <testcase classname="testcases1.TC_01_LoginTest" name="login2" time="6.501"/>
  <system-out/>
  <testcase classname="testcases1.TC_01_LoginTest" name="login1">
    <skipped/>
  </testcase> <!-- login1 -->
  <system-out/>
  <testcase classname="testcases1.TC_01_LoginTest" name="login4">
    <skipped/>
  </testcase> <!-- login4 -->
  <system-out/>
</testsuite> <!-- testcases1.TC_01_LoginTest -->
