<?xml version="1.0" encoding="UTF-8"?>
<!-- Generated by org.testng.reporters.JUnitReportReporter -->
<testsuite hostname="DESKTOP-HLFCI12" failures="0" tests="11" name="testcases1.ExcelTest" time="50.383" errors="0" timestamp="2023-10-25T17:30:26 IST" skipped="0">
  <testcase classname="testcases1.ExcelTest" name="getLogindata" time="2.744"/>
  <system-out/>
  <testcase classname="testcases1.ExcelTest" name="getLogindata" time="7.592"/>
  <system-out/>
  <testcase classname="testcases1.ExcelTest" name="getLogindata" time="5.430"/>
  <system-out/>
  <testcase classname="testcases1.ExcelTest" name="getLogindata" time="2.699"/>
  <system-out/>
  <testcase classname="testcases1.ExcelTest" name="getLogindata" time="3.471"/>
  <system-out/>
  <testcase classname="testcases1.ExcelTest" name="getLogindata" time="8.941"/>
  <system-out/>
  <testcase classname="testcases1.ExcelTest" name="getLogindata" time="2.643"/>
  <system-out/>
  <testcase classname="testcases1.ExcelTest" name="getLogindata" time="2.767"/>
  <system-out/>
  <testcase classname="testcases1.ExcelTest" name="getLogindata" time="5.229"/>
  <system-out/>
  <testcase classname="testcases1.ExcelTest" name="getLogindata" time="2.564"/>
  <system-out/>
  <testcase classname="testcases1.ExcelTest" name="getLogindata" time="6.303"/>
  <system-out/>
</testsuite> <!-- testcases1.ExcelTest -->
