<?xml version="1.0" encoding="UTF-8"?>
<!-- Generated by org.testng.reporters.JUnitReportReporter -->
<testsuite hostname="DESKTOP-HLFCI12" failures="0" tests="2" name="testcases.TC_06_CrossBrowserTest" time="8.306" errors="0" timestamp="2023-10-18T16:50:49 IST" skipped="0">
  <testcase classname="testcases.TC_06_CrossBrowserTest" name="f" time="4.869"/>
  <testcase classname="testcases.TC_06_CrossBrowserTest" name="f" time="3.437"/>
</testsuite> <!-- testcases.TC_06_CrossBrowserTest -->
