<?xml version="1.0" encoding="UTF-8"?>
<!-- Generated by org.testng.reporters.JUnitReportReporter -->
<testsuite hostname="DESKTOP-HLFCI12" failures="0" tests="3" name="testcases.TC_05_DataProviderTest" time="13.155" errors="0" timestamp="2023-10-17T16:47:42 IST" skipped="0">
  <testcase classname="testcases.TC_05_DataProviderTest" name="login" time="2.593"/>
  <testcase classname="testcases.TC_05_DataProviderTest" name="login" time="2.815"/>
  <testcase classname="testcases.TC_05_DataProviderTest" name="login" time="7.747"/>
</testsuite> <!-- testcases.TC_05_DataProviderTest -->
