<?xml version="1.0" encoding="UTF-8"?>
<!-- Generated by org.testng.reporters.JUnitReportReporter -->
<testsuite hostname="DESKTOP-HLFCI12" failures="0" tests="6" name="testcases.TC_03_MultipleLoginTest" time="16.251" errors="0" timestamp="2023-10-19T16:32:14 IST" skipped="3">
  <testcase classname="testcases.TC_03_MultipleLoginTest" name="login2" time="4.175"/>
  <testcase classname="testcases.TC_03_MultipleLoginTest" name="login2" time="8.086"/>
  <testcase classname="testcases.TC_03_MultipleLoginTest" name="login2" time="3.990"/>
  <testcase classname="testcases.TC_03_MultipleLoginTest" name="login4">
    <skipped/>
  </testcase> <!-- login4 -->
  <testcase classname="testcases.TC_03_MultipleLoginTest" name="login3">
    <skipped/>
  </testcase> <!-- login3 -->
  <testcase classname="testcases.TC_03_MultipleLoginTest" name="login1">
    <skipped/>
  </testcase> <!-- login1 -->
</testsuite> <!-- testcases.TC_03_MultipleLoginTest -->
