<?xml version="1.0" encoding="UTF-8"?>
<!-- Generated by org.testng.reporters.JUnitReportReporter -->
<testsuite hostname="DESKTOP-HLFCI12" failures="0" tests="4" name="testcases.TC_04_Parameterization" time="26.446" errors="0" timestamp="2023-10-17T16:07:18 IST" skipped="0">
  <testcase classname="testcases.TC_04_Parameterization" name="login" time="7.068"/>
  <testcase classname="testcases.TC_04_Parameterization" name="login" time="6.069"/>
  <testcase classname="testcases.TC_04_Parameterization" name="login" time="7.191"/>
  <testcase classname="testcases.TC_04_Parameterization" name="login" time="6.118"/>
</testsuite> <!-- testcases.TC_04_Parameterization -->
