<?xml version="1.0" encoding="UTF-8"?>
<!-- Generated by org.testng.reporters.JUnitReportReporter -->
<testsuite hostname="DESKTOP-HLFCI12" failures="0" tests="1" name="testcases.TC_02_LoginTest" time="14.960" errors="0" timestamp="2023-10-13T16:39:24 IST" skipped="0">
  <testcase classname="testcases.TC_02_LoginTest" name="f" time="14.960"/>
</testsuite> <!-- testcases.TC_02_LoginTest -->
