<?xml version="1.0" encoding="UTF-8"?>
<!-- Generated by org.testng.reporters.JUnitReportReporter -->
<testsuite hostname="DESKTOP-HLFCI12" failures="0" tests="2" name="testcases.TC_01_ALL_AnnotationsTest" time="0.030" errors="0" timestamp="2023-10-13T16:24:21 IST" skipped="0">
  <testcase classname="testcases.TC_01_ALL_AnnotationsTest" name="sampleTest2" time="0.009"/>
  <testcase classname="testcases.TC_01_ALL_AnnotationsTest" name="sampleTest1" time="0.021"/>
</testsuite> <!-- testcases.TC_01_ALL_AnnotationsTest -->
