<?xml version="1.0" encoding="UTF-8"?>
<!-- Generated by org.testng.reporters.JUnitReportReporter -->
<testsuite hostname="DESKTOP-HLFCI12" failures="0" tests="4" name="testcases.TC_03_MultiplrLoginTest" time="16.393" errors="0" timestamp="2023-10-16T16:33:33 IST" skipped="1">
  <testcase classname="testcases.TC_03_MultiplrLoginTest" name="login1" time="9.069"/>
  <testcase classname="testcases.TC_03_MultiplrLoginTest" name="login3" time="2.695"/>
  <testcase classname="testcases.TC_03_MultiplrLoginTest" name="login4" time="4.629"/>
  <testcase classname="testcases.TC_03_MultiplrLoginTest" name="login2">
    <skipped/>
  </testcase> <!-- login2 -->
</testsuite> <!-- testcases.TC_03_MultiplrLoginTest -->
